TN:
SF:server.js
FN:37,(anonymous_0)
FN:38,(anonymous_1)
FN:39,(anonymous_2)
FN:50,(anonymous_3)
FNF:4
FNH:1
FNDA:1,(anonymous_0)
FNDA:0,(anonymous_1)
FNDA:0,(anonymous_2)
FNDA:0,(anonymous_3)
DA:1,2
DA:2,2
DA:3,2
DA:4,2
DA:5,2
DA:6,2
DA:7,2
DA:9,2
DA:10,2
DA:12,2
DA:13,2
DA:15,2
DA:16,2
DA:21,2
DA:22,2
DA:23,2
DA:26,2
DA:27,2
DA:28,2
DA:29,2
DA:30,2
DA:31,2
DA:32,2
DA:33,2
DA:34,2
DA:35,2
DA:37,2
DA:38,2
DA:39,2
DA:40,0
DA:41,0
DA:48,2
DA:49,0
DA:50,0
DA:53,2
LF:35
LH:31
BRDA:17,0,0,2
BRDA:17,0,1,0
BRDA:23,1,0,0
BRDA:23,1,1,2
BRDA:41,2,0,0
BRDA:41,2,1,0
BRDA:43,3,0,0
BRDA:43,3,1,0
BRDA:44,4,0,0
BRDA:44,4,1,0
BRDA:48,5,0,0
BRDA:48,5,1,2
BRDA:49,6,0,0
BRDA:49,6,1,0
BRF:14
BRH:3
end_of_record
TN:
SF:src\config\cloudinary.js
FN:13,(anonymous_0)
FN:23,(anonymous_1)
FNF:2
FNH:0
FNDA:0,(anonymous_0)
FNDA:0,(anonymous_1)
DA:1,2
DA:2,2
DA:3,2
DA:5,2
DA:11,2
DA:13,0
DA:23,2
DA:24,0
DA:25,0
DA:26,0
DA:29,2
DA:35,2
LF:12
LH:8
BRDA:14,0,0,0
BRDA:14,0,1,0
BRDA:16,1,0,0
BRDA:16,1,1,0
BRDA:17,2,0,0
BRDA:17,2,1,0
BRDA:25,3,0,0
BRDA:25,3,1,0
BRF:8
BRH:0
end_of_record
TN:
SF:src\config\db.js
FN:3,(anonymous_0)
FNF:1
FNH:1
FNDA:2,(anonymous_0)
DA:1,2
DA:3,2
DA:4,2
DA:5,2
DA:9,2
DA:11,0
DA:12,0
DA:16,2
LF:8
LH:6
BRF:0
BRH:0
end_of_record
TN:
SF:src\config\nodemailer.js
FN:13,(anonymous_0)
FN:41,(anonymous_1)
FNF:2
FNH:0
FNDA:0,(anonymous_0)
FNDA:0,(anonymous_1)
DA:1,2
DA:3,2
DA:13,2
DA:14,0
DA:15,0
DA:16,0
DA:18,0
DA:38,0
DA:41,2
DA:42,0
DA:43,0
DA:44,0
DA:46,0
DA:59,0
DA:62,2
LF:15
LH:5
BRDA:4,0,0,2
BRDA:4,0,1,0
BRDA:5,1,0,2
BRDA:5,1,1,0
BRDA:14,2,0,0
BRDA:14,2,1,0
BRDA:14,3,0,0
BRDA:14,3,1,0
BRDA:42,4,0,0
BRDA:42,4,1,0
BRDA:42,5,0,0
BRDA:42,5,1,0
BRF:12
BRH:2
end_of_record
TN:
SF:src\controllers\admin.controller.js
FN:4,(anonymous_0)
FN:14,(anonymous_1)
FN:26,(anonymous_2)
FNF:3
FNH:0
FNDA:0,(anonymous_0)
FNDA:0,(anonymous_1)
FNDA:0,(anonymous_2)
DA:1,2
DA:2,2
DA:4,2
DA:5,0
DA:6,0
DA:7,0
DA:8,0
DA:9,0
DA:10,0
DA:11,0
DA:14,2
DA:15,0
DA:16,0
DA:22,0
DA:23,0
DA:26,2
DA:27,0
DA:28,0
DA:29,0
DA:30,0
DA:31,0
DA:32,0
DA:33,0
LF:23
LH:5
BRDA:6,0,0,0
BRDA:6,0,1,0
BRDA:7,1,0,0
BRDA:7,1,1,0
BRDA:29,2,0,0
BRDA:29,2,1,0
BRDA:32,3,0,0
BRDA:32,3,1,0
BRF:8
BRH:0
end_of_record
TN:
SF:src\controllers\auth.controller.js
FN:6,(anonymous_0)
FN:24,(anonymous_1)
FN:38,(anonymous_2)
FN:52,(anonymous_3)
FN:63,(anonymous_4)
FN:74,(anonymous_5)
FN:87,(anonymous_6)
FN:96,(anonymous_7)
FNF:8
FNH:2
FNDA:1,(anonymous_0)
FNDA:2,(anonymous_1)
FNDA:0,(anonymous_2)
FNDA:0,(anonymous_3)
FNDA:0,(anonymous_4)
FNDA:0,(anonymous_5)
FNDA:0,(anonymous_6)
FNDA:0,(anonymous_7)
DA:1,2
DA:2,2
DA:3,2
DA:6,2
DA:7,1
DA:8,1
DA:9,1
DA:10,0
DA:13,1
DA:15,1
DA:20,0
DA:24,2
DA:25,2
DA:26,2
DA:27,2
DA:28,2
DA:29,1
DA:30,1
DA:31,1
DA:32,0
DA:33,0
DA:34,0
DA:38,2
DA:39,0
DA:40,0
DA:41,0
DA:42,0
DA:43,0
DA:44,0
DA:45,0
DA:46,0
DA:47,0
DA:48,0
DA:52,2
DA:53,0
DA:54,0
DA:55,0
DA:56,0
DA:57,0
DA:58,0
DA:59,0
DA:63,2
DA:64,0
DA:65,0
DA:66,0
DA:67,0
DA:68,0
DA:69,0
DA:70,0
DA:74,2
DA:75,0
DA:76,0
DA:77,0
DA:78,0
DA:79,0
DA:80,0
DA:81,0
DA:82,0
DA:83,0
DA:87,2
DA:88,0
DA:89,0
DA:90,0
DA:91,0
DA:92,0
DA:96,2
LF:66
LH:23
BRDA:9,0,0,0
BRDA:9,0,1,1
BRDA:28,1,0,1
BRDA:28,1,1,1
BRDA:28,2,0,2
BRDA:28,2,1,2
BRDA:30,3,0,1
BRDA:30,3,1,0
BRDA:42,4,0,0
BRDA:42,4,1,0
BRDA:42,5,0,0
BRDA:42,5,1,0
BRDA:42,5,2,0
BRDA:56,6,0,0
BRDA:56,6,1,0
BRDA:67,7,0,0
BRDA:67,7,1,0
BRDA:78,8,0,0
BRDA:78,8,1,0
BRDA:78,9,0,0
BRDA:78,9,1,0
BRDA:78,9,2,0
BRDA:90,10,0,0
BRDA:90,10,1,0
BRF:24
BRH:6
end_of_record
TN:
SF:src\controllers\cv.controller.js
FN:7,(anonymous_0)
FN:12,(anonymous_1)
FN:27,(anonymous_2)
FN:27,(anonymous_3)
FN:30,(anonymous_4)
FN:54,(anonymous_5)
FN:62,(anonymous_6)
FN:69,(anonymous_7)
FN:78,(anonymous_8)
FN:87,(anonymous_9)
FNF:10
FNH:0
FNDA:0,(anonymous_0)
FNDA:0,(anonymous_1)
FNDA:0,(anonymous_2)
FNDA:0,(anonymous_3)
FNDA:0,(anonymous_4)
FNDA:0,(anonymous_5)
FNDA:0,(anonymous_6)
FNDA:0,(anonymous_7)
FNDA:0,(anonymous_8)
FNDA:0,(anonymous_9)
DA:1,2
DA:2,2
DA:3,2
DA:4,2
DA:5,2
DA:7,2
DA:8,0
DA:9,0
DA:12,2
DA:13,0
DA:14,0
DA:15,0
DA:18,0
DA:19,0
DA:21,0
DA:22,0
DA:24,0
DA:27,0
DA:28,0
DA:30,0
DA:32,0
DA:35,0
DA:40,0
DA:42,0
DA:47,0
DA:49,0
DA:50,0
DA:54,2
DA:55,0
DA:56,0
DA:57,0
DA:58,0
DA:59,0
DA:62,2
DA:63,0
DA:64,0
DA:65,0
DA:66,0
DA:69,2
DA:70,0
DA:71,0
DA:72,0
DA:73,0
DA:74,0
DA:75,0
DA:78,2
DA:79,0
DA:80,0
DA:81,0
DA:82,0
DA:83,0
DA:84,0
DA:87,2
DA:88,0
DA:89,0
DA:90,0
DA:91,0
DA:92,0
DA:93,0
DA:94,0
LF:60
LH:12
BRDA:14,0,0,0
BRDA:14,1,0,0
BRDA:30,2,0,0
BRDA:30,2,1,0
BRDA:57,3,0,0
BRDA:57,3,1,0
BRDA:72,4,0,0
BRDA:72,4,1,0
BRDA:72,5,0,0
BRDA:72,5,1,0
BRDA:81,6,0,0
BRDA:81,6,1,0
BRDA:81,7,0,0
BRDA:81,7,1,0
BRDA:90,8,0,0
BRDA:90,8,1,0
BRF:16
BRH:0
end_of_record
TN:
SF:src\controllers\documents.controller.js
FN:4,(anonymous_0)
FN:9,(anonymous_1)
FN:25,(anonymous_2)
FNF:3
FNH:0
FNDA:0,(anonymous_0)
FNDA:0,(anonymous_1)
FNDA:0,(anonymous_2)
DA:1,2
DA:2,2
DA:4,2
DA:5,0
DA:6,0
DA:9,2
DA:10,0
DA:11,0
DA:12,0
DA:14,0
DA:15,0
DA:16,0
DA:21,0
DA:22,0
DA:25,2
DA:26,0
DA:27,0
DA:28,0
DA:29,0
DA:30,0
DA:31,0
DA:32,0
LF:22
LH:5
BRDA:11,0,0,0
BRDA:11,0,1,0
BRDA:15,1,0,0
BRDA:15,1,1,0
BRDA:28,2,0,0
BRDA:28,2,1,0
BRF:6
BRH:0
end_of_record
TN:
SF:src\controllers\education.controller.js
FN:3,(anonymous_0)
FN:4,(anonymous_1)
FN:5,(anonymous_2)
FN:6,(anonymous_3)
FNF:4
FNH:0
FNDA:0,(anonymous_0)
FNDA:0,(anonymous_1)
FNDA:0,(anonymous_2)
FNDA:0,(anonymous_3)
DA:1,2
DA:3,2
DA:4,2
DA:5,2
DA:6,2
LF:5
LH:5
BRDA:5,0,0,0
BRDA:5,0,1,0
BRF:2
BRH:0
end_of_record
TN:
SF:src\controllers\experience.controller.js
FN:3,(anonymous_0)
FN:4,(anonymous_1)
FN:5,(anonymous_2)
FN:6,(anonymous_3)
FNF:4
FNH:0
FNDA:0,(anonymous_0)
FNDA:0,(anonymous_1)
FNDA:0,(anonymous_2)
FNDA:0,(anonymous_3)
DA:1,2
DA:3,2
DA:4,2
DA:5,2
DA:6,2
LF:5
LH:5
BRDA:5,0,0,0
BRDA:5,0,1,0
BRF:2
BRH:0
end_of_record
TN:
SF:src\controllers\payment.controller.js
FN:5,(anonymous_0)
FN:26,(anonymous_1)
FN:39,(anonymous_2)
FN:65,(anonymous_3)
FNF:4
FNH:0
FNDA:0,(anonymous_0)
FNDA:0,(anonymous_1)
FNDA:0,(anonymous_2)
FNDA:0,(anonymous_3)
DA:1,2
DA:2,2
DA:5,2
DA:6,0
DA:7,0
DA:9,0
DA:13,0
DA:14,0
DA:18,0
DA:21,0
DA:26,2
DA:27,0
DA:28,0
DA:29,0
DA:30,0
DA:31,0
DA:33,0
DA:35,0
DA:39,2
DA:40,0
DA:41,0
DA:42,0
DA:57,0
DA:58,0
DA:60,0
DA:65,2
DA:66,0
DA:67,0
DA:68,0
DA:69,0
LF:30
LH:6
BRDA:29,0,0,0
BRDA:29,0,1,0
BRF:2
BRH:0
end_of_record
TN:
SF:src\controllers\profile.controller.js
FN:8,(anonymous_0)
FN:31,(anonymous_1)
FN:44,(anonymous_2)
FN:51,(anonymous_3)
FN:75,(anonymous_4)
FN:86,(anonymous_5)
FN:97,(anonymous_6)
FN:130,(anonymous_7)
FNF:8
FNH:2
FNDA:1,(anonymous_0)
FNDA:1,(anonymous_1)
FNDA:0,(anonymous_2)
FNDA:0,(anonymous_3)
FNDA:0,(anonymous_4)
FNDA:0,(anonymous_5)
FNDA:0,(anonymous_6)
FNDA:0,(anonymous_7)
DA:1,2
DA:2,2
DA:3,2
DA:4,2
DA:5,2
DA:6,2
DA:8,2
DA:9,1
DA:10,1
DA:19,1
DA:28,0
DA:31,2
DA:32,1
DA:33,1
DA:37,1
DA:38,1
DA:39,1
DA:40,1
DA:41,0
DA:44,2
DA:45,0
DA:46,0
DA:47,0
DA:48,0
DA:51,2
DA:52,0
DA:53,0
DA:56,0
DA:57,0
DA:72,0
DA:73,0
DA:74,0
DA:75,0
DA:76,0
DA:77,0
DA:83,0
DA:84,0
DA:85,0
DA:86,0
DA:87,0
DA:88,0
DA:94,0
DA:95,0
DA:96,0
DA:97,0
DA:98,0
DA:99,0
DA:105,0
DA:106,0
DA:120,0
DA:121,0
DA:123,0
DA:125,0
DA:130,2
DA:131,0
DA:132,0
DA:133,0
DA:134,0
DA:139,0
DA:140,0
LF:60
LH:20
BRDA:56,0,0,0
BRDA:56,0,1,0
BRDA:56,1,0,0
BRDA:56,1,1,0
BRDA:56,1,2,0
BRDA:56,1,3,0
BRDA:56,1,4,0
BRDA:61,2,0,0
BRDA:61,2,1,0
BRDA:62,3,0,0
BRDA:62,3,1,0
BRDA:63,4,0,0
BRDA:63,4,1,0
BRDA:64,5,0,0
BRDA:64,5,1,0
BRDA:72,6,0,0
BRDA:72,6,1,0
BRDA:74,7,0,0
BRDA:74,7,1,0
BRDA:83,8,0,0
BRDA:83,8,1,0
BRDA:85,9,0,0
BRDA:85,9,1,0
BRDA:94,10,0,0
BRDA:94,10,1,0
BRDA:96,11,0,0
BRDA:96,11,1,0
BRDA:105,12,0,0
BRDA:105,12,1,0
BRDA:105,13,0,0
BRDA:105,13,1,0
BRDA:110,14,0,0
BRDA:110,14,1,0
BRDA:111,15,0,0
BRDA:111,15,1,0
BRDA:112,16,0,0
BRDA:112,16,1,0
BRDA:113,17,0,0
BRDA:113,17,1,0
BRDA:133,18,0,0
BRDA:133,18,1,0
BRF:41
BRH:0
end_of_record
TN:
SF:src\controllers\project.controller.js
FN:3,(anonymous_0)
FN:4,(anonymous_1)
FN:5,(anonymous_2)
FN:6,(anonymous_3)
FNF:4
FNH:0
FNDA:0,(anonymous_0)
FNDA:0,(anonymous_1)
FNDA:0,(anonymous_2)
FNDA:0,(anonymous_3)
DA:1,2
DA:3,2
DA:4,2
DA:5,2
DA:6,2
LF:5
LH:5
BRDA:5,0,0,0
BRDA:5,0,1,0
BRF:2
BRH:0
end_of_record
TN:
SF:src\controllers\skills.controller.js
FN:3,(anonymous_0)
FN:7,(anonymous_1)
FNF:2
FNH:0
FNDA:0,(anonymous_0)
FNDA:0,(anonymous_1)
DA:1,2
DA:3,2
DA:4,0
DA:5,0
DA:7,2
DA:8,0
DA:9,0
DA:10,0
DA:11,0
LF:9
LH:3
BRF:0
BRH:0
end_of_record
TN:
SF:src\middleware\auth.middleware.js
FN:4,(anonymous_0)
FN:18,(anonymous_1)
FNF:2
FNH:1
FNDA:3,(anonymous_0)
FNDA:0,(anonymous_1)
DA:1,2
DA:2,2
DA:4,2
DA:5,3
DA:6,3
DA:8,3
DA:9,2
DA:10,2
DA:11,2
DA:12,2
DA:14,0
DA:18,2
DA:19,0
DA:20,0
DA:21,0
LF:15
LH:11
BRDA:6,0,0,2
BRDA:6,0,1,1
BRDA:8,1,0,1
BRDA:8,1,1,2
BRDA:11,2,0,0
BRDA:11,2,1,2
BRDA:11,3,0,2
BRDA:11,3,1,2
BRDA:19,4,0,0
BRDA:19,4,1,0
BRF:10
BRH:7
end_of_record
TN:
SF:src\middleware\rateLimiter.js
FNF:0
FNH:0
DA:1,2
DA:3,2
DA:10,2
LF:3
LH:3
BRF:0
BRH:0
end_of_record
TN:
SF:src\models\CV.model.js
FN:14,(anonymous_0)
FNF:1
FNH:0
FNDA:0,(anonymous_0)
DA:1,2
DA:2,2
DA:3,2
DA:14,2
DA:15,0
DA:16,0
DA:17,0
DA:19,2
LF:8
LH:5
BRF:0
BRH:0
end_of_record
TN:
SF:src\models\Documents.model.js
FNF:0
FNH:0
DA:1,2
DA:2,2
DA:9,2
LF:3
LH:3
BRF:0
BRH:0
end_of_record
TN:
SF:src\models\Education.model.js
FNF:0
FNH:0
DA:1,2
DA:2,2
DA:13,2
LF:3
LH:3
BRF:0
BRH:0
end_of_record
TN:
SF:src\models\Experience.model.js
FNF:0
FNH:0
DA:1,2
DA:2,2
DA:12,2
LF:3
LH:3
BRF:0
BRH:0
end_of_record
TN:
SF:src\models\Profile.model.js
FNF:0
FNH:0
DA:1,2
DA:2,2
DA:34,2
LF:3
LH:3
BRF:0
BRH:0
end_of_record
TN:
SF:src\models\Project.model.js
FNF:0
FNH:0
DA:1,2
DA:2,2
DA:12,2
LF:3
LH:3
BRF:0
BRH:0
end_of_record
TN:
SF:src\models\Skills.model.js
FNF:0
FNH:0
DA:1,2
DA:2,2
DA:7,2
LF:3
LH:3
BRF:0
BRH:0
end_of_record
TN:
SF:src\models\User.model.js
FN:18,(anonymous_0)
FN:24,(anonymous_1)
FNF:2
FNH:2
FNDA:2,(anonymous_0)
FNDA:2,(anonymous_1)
DA:1,2
DA:2,2
DA:4,2
DA:18,2
DA:19,2
DA:20,2
DA:21,2
DA:24,2
DA:25,2
DA:28,2
LF:10
LH:10
BRDA:19,0,0,0
BRDA:19,0,1,2
BRF:2
BRH:1
end_of_record
TN:
SF:src\routes\admin.routes.js
FNF:0
FNH:0
DA:1,2
DA:2,2
DA:3,2
DA:5,2
DA:6,2
DA:7,2
DA:8,2
DA:9,2
LF:8
LH:8
BRF:0
BRH:0
end_of_record
TN:
SF:src\routes\auth.routes.js
FNF:0
FNH:0
DA:1,2
DA:2,2
DA:3,2
DA:5,2
DA:7,2
DA:8,2
DA:9,2
DA:10,2
DA:11,2
DA:12,2
DA:13,2
DA:14,2
DA:15,2
LF:13
LH:13
BRF:0
BRH:0
end_of_record
TN:
SF:src\routes\cv.routes.js
FNF:0
FNH:0
DA:1,2
DA:2,2
DA:3,2
DA:5,2
DA:6,2
DA:7,2
DA:8,2
DA:9,2
DA:10,2
DA:11,2
DA:12,2
DA:13,2
LF:12
LH:12
BRF:0
BRH:0
end_of_record
TN:
SF:src\routes\documents.routes.js
FNF:0
FNH:0
DA:1,2
DA:2,2
DA:3,2
DA:4,2
DA:6,2
DA:7,2
DA:8,2
DA:9,2
DA:10,2
LF:9
LH:9
BRF:0
BRH:0
end_of_record
TN:
SF:src\routes\education.routes.js
FNF:0
FNH:0
DA:1,2
DA:2,2
DA:3,2
DA:5,2
DA:6,2
DA:7,2
DA:8,2
DA:9,2
DA:10,2
LF:9
LH:9
BRF:0
BRH:0
end_of_record
TN:
SF:src\routes\experience.routes.js
FNF:0
FNH:0
DA:1,2
DA:2,2
DA:3,2
DA:5,2
DA:6,2
DA:7,2
DA:8,2
DA:9,2
DA:10,2
LF:9
LH:9
BRF:0
BRH:0
end_of_record
TN:
SF:src\routes\payment.routes.js
FN:9,(anonymous_0)
FNF:1
FNH:0
FNDA:0,(anonymous_0)
DA:1,2
DA:2,2
DA:3,2
DA:5,2
DA:6,2
DA:7,2
DA:8,2
DA:9,2
DA:10,2
DA:11,2
LF:10
LH:10
BRF:0
BRH:0
end_of_record
TN:
SF:src\routes\profile.routes.js
FNF:0
FNH:0
DA:1,2
DA:2,2
DA:3,2
DA:4,2
DA:6,2
DA:7,2
DA:8,2
DA:9,2
DA:10,2
DA:11,2
DA:12,2
DA:13,2
LF:12
LH:12
BRF:0
BRH:0
end_of_record
TN:
SF:src\routes\project.routes.js
FNF:0
FNH:0
DA:1,2
DA:2,2
DA:3,2
DA:5,2
DA:6,2
DA:7,2
DA:8,2
DA:9,2
DA:10,2
LF:9
LH:9
BRF:0
BRH:0
end_of_record
TN:
SF:src\routes\skills.routes.js
FNF:0
FNH:0
DA:1,2
DA:2,2
DA:3,2
DA:5,2
DA:6,2
DA:7,2
DA:8,2
LF:7
LH:7
BRF:0
BRH:0
end_of_record
TN:
SF:src\utils\calcCompletion.js
FN:7,(anonymous_0)
FNF:1
FNH:1
FNDA:2,(anonymous_0)
DA:1,2
DA:2,2
DA:3,2
DA:4,2
DA:5,2
DA:7,2
DA:8,2
DA:9,2
DA:10,2
DA:11,2
DA:13,2
DA:14,0
DA:16,2
DA:20,2
DA:21,0
DA:23,2
DA:26,2
DA:28,2
DA:29,2
DA:30,2
DA:31,2
DA:32,2
DA:33,2
DA:34,2
DA:35,2
DA:36,2
DA:39,2
DA:40,2
DA:41,2
DA:43,2
DA:46,2
LF:31
LH:29
BRDA:10,0,0,2
BRDA:10,0,1,0
BRDA:13,1,0,0
BRDA:13,1,1,2
BRDA:14,2,0,0
BRDA:14,2,1,0
BRDA:14,3,0,0
BRDA:14,3,1,0
BRDA:14,3,2,0
BRDA:14,3,3,0
BRDA:14,3,4,0
BRDA:16,4,0,0
BRDA:16,4,1,2
BRDA:16,5,0,2
BRDA:16,5,1,0
BRDA:20,6,0,0
BRDA:20,6,1,2
BRDA:21,7,0,0
BRDA:21,7,1,0
BRDA:21,8,0,0
BRDA:21,8,1,0
BRDA:23,9,0,0
BRDA:23,9,1,2
BRDA:26,10,0,0
BRDA:26,10,1,2
BRDA:29,11,0,0
BRDA:29,11,1,2
BRDA:31,12,0,0
BRDA:31,12,1,2
BRDA:33,13,0,0
BRDA:33,13,1,2
BRDA:35,14,0,0
BRDA:35,14,1,2
BRDA:35,15,0,2
BRDA:35,15,1,0
BRDA:35,15,2,0
BRDA:36,16,0,0
BRDA:36,16,1,2
BRDA:36,17,0,2
BRDA:36,17,1,0
BRDA:36,17,2,0
BRDA:41,18,0,0
BRDA:41,18,1,2
BRF:43
BRH:15
end_of_record
TN:
SF:src\utils\generateDOCX.js
FN:11,(anonymous_0)
FN:31,(anonymous_1)
FN:45,(anonymous_2)
FN:51,(anonymous_3)
FN:91,(anonymous_4)
FN:91,(anonymous_5)
FN:101,(anonymous_6)
FN:109,(anonymous_7)
FN:118,(anonymous_8)
FN:133,(anonymous_9)
FNF:10
FNH:0
FNDA:0,(anonymous_0)
FNDA:0,(anonymous_1)
FNDA:0,(anonymous_2)
FNDA:0,(anonymous_3)
FNDA:0,(anonymous_4)
FNDA:0,(anonymous_5)
FNDA:0,(anonymous_6)
FNDA:0,(anonymous_7)
FNDA:0,(anonymous_8)
FNDA:0,(anonymous_9)
DA:2,2
DA:3,2
DA:4,2
DA:5,2
DA:6,2
DA:7,2
DA:8,2
DA:9,2
DA:11,2
DA:12,0
DA:13,0
DA:14,0
DA:15,0
DA:18,2
DA:20,2
DA:31,2
DA:32,0
DA:40,0
DA:42,0
DA:43,0
DA:45,0
DA:51,0
DA:56,0
DA:91,0
DA:101,0
DA:109,0
DA:118,0
DA:133,0
DA:143,0
DA:146,0
DA:149,2
LF:31
LH:13
BRDA:31,0,0,0
BRDA:40,1,0,0
BRDA:40,1,1,0
BRDA:42,2,0,0
BRDA:42,2,1,0
BRDA:43,3,0,0
BRDA:43,3,1,0
BRDA:60,4,0,0
BRDA:60,4,1,0
BRDA:62,5,0,0
BRDA:62,5,1,0
BRDA:73,6,0,0
BRDA:73,6,1,0
BRDA:73,7,0,0
BRDA:73,7,1,0
BRDA:82,8,0,0
BRDA:82,8,1,0
BRDA:84,9,0,0
BRDA:84,9,1,0
BRDA:88,10,0,0
BRDA:88,10,1,0
BRDA:99,11,0,0
BRDA:99,11,1,0
BRDA:107,12,0,0
BRDA:107,12,1,0
BRDA:110,13,0,0
BRDA:110,13,1,0
BRDA:112,14,0,0
BRDA:112,14,1,0
BRDA:116,15,0,0
BRDA:116,15,1,0
BRDA:120,16,0,0
BRDA:120,16,1,0
BRDA:120,17,0,0
BRDA:120,17,1,0
BRDA:121,18,0,0
BRDA:121,18,1,0
BRDA:125,19,0,0
BRDA:125,19,1,0
BRDA:127,20,0,0
BRDA:127,20,1,0
BRDA:128,21,0,0
BRDA:128,21,1,0
BRDA:131,22,0,0
BRDA:131,22,1,0
BRDA:135,23,0,0
BRDA:135,23,1,0
BRDA:136,24,0,0
BRDA:136,24,1,0
BRDA:136,25,0,0
BRDA:136,25,1,0
BRDA:136,26,0,0
BRDA:136,26,1,0
BRF:53
BRH:0
end_of_record
TN:
SF:src\utils\generatePDF.js
FN:21,(anonymous_0)
FNF:1
FNH:0
FNDA:0,(anonymous_0)
DA:1,2
DA:2,2
DA:3,2
DA:4,2
DA:5,2
DA:6,2
DA:8,2
DA:9,2
DA:10,2
DA:11,2
DA:12,2
DA:13,2
DA:14,2
DA:15,2
DA:16,2
DA:17,2
DA:18,2
DA:19,2
DA:21,2
DA:22,0
DA:31,0
DA:32,0
DA:44,0
DA:45,0
DA:46,0
DA:47,0
DA:48,0
DA:49,0
DA:50,0
DA:51,0
DA:52,0
DA:53,0
DA:54,0
DA:55,0
DA:56,0
DA:59,2
LF:36
LH:20
BRDA:21,0,0,0
BRDA:31,1,0,0
BRDA:31,1,1,0
BRDA:40,2,0,0
BRDA:40,2,1,0
BRDA:41,3,0,0
BRDA:41,3,1,0
BRDA:44,4,0,0
BRDA:44,4,1,0
BRDA:44,4,2,0
BRDA:44,4,3,0
BRDA:44,4,4,0
BRDA:44,4,5,0
BRDA:44,4,6,0
BRDA:44,4,7,0
BRDA:44,4,8,0
BRDA:44,4,9,0
BRDA:44,4,10,0
BRDA:44,4,11,0
BRF:19
BRH:0
end_of_record
TN:
SF:src\utils\generateToken.js
FN:2,(anonymous_0)
FNF:1
FNH:1
FNDA:1,(anonymous_0)
DA:1,2
DA:2,2
DA:3,2
LF:3
LH:3
BRDA:2,0,0,1
BRDA:2,0,1,0
BRF:2
BRH:1
end_of_record
TN:
SF:src\utils\logger.js
FN:7,(anonymous_0)
FN:20,(anonymous_1)
FN:24,(anonymous_2)
FN:25,(anonymous_3)
FN:26,(anonymous_4)
FN:27,(anonymous_5)
FNF:6
FNH:0
FNDA:0,(anonymous_0)
FNDA:0,(anonymous_1)
FNDA:0,(anonymous_2)
FNDA:0,(anonymous_3)
FNDA:0,(anonymous_4)
FNDA:0,(anonymous_5)
DA:1,2
DA:2,2
DA:4,2
DA:5,2
DA:7,2
DA:8,0
DA:14,0
DA:16,0
DA:17,0
DA:19,0
DA:20,0
DA:23,2
DA:24,0
DA:25,0
DA:26,0
DA:27,0
DA:30,2
LF:17
LH:7
BRDA:5,0,0,0
BRDA:5,0,1,2
BRDA:7,1,0,0
BRDA:16,2,0,0
BRDA:16,2,1,0
BRDA:27,3,0,0
BRDA:27,3,1,0
BRF:7
BRH:1
end_of_record
TN:
SF:src\utils\sendOTP.js
FN:4,(anonymous_0)
FN:6,(anonymous_1)
FN:16,(anonymous_2)
FNF:3
FNH:0
FNDA:0,(anonymous_0)
FNDA:0,(anonymous_1)
FNDA:0,(anonymous_2)
DA:1,2
DA:2,2
DA:4,2
DA:6,2
DA:7,0
DA:8,0
DA:9,0
DA:10,0
DA:13,0
DA:16,2
DA:17,0
DA:18,0
DA:19,0
DA:20,0
DA:21,0
LF:15
LH:5
BRF:0
BRH:0
end_of_record
TN:
SF:src\utils\pdf\templateAcademic.js
FN:4,(anonymous_0)
FN:10,(anonymous_1)
FN:10,(anonymous_2)
FN:13,(anonymous_3)
FN:13,(anonymous_4)
FN:17,(anonymous_5)
FN:52,(anonymous_6)
FN:58,(anonymous_7)
FN:65,(anonymous_8)
FN:72,(anonymous_9)
FN:84,(anonymous_10)
FN:95,(anonymous_11)
FN:105,(anonymous_12)
FN:137,(anonymous_13)
FN:148,(anonymous_14)
FNF:15
FNH:0
FNDA:0,(anonymous_0)
FNDA:0,(anonymous_1)
FNDA:0,(anonymous_2)
FNDA:0,(anonymous_3)
FNDA:0,(anonymous_4)
FNDA:0,(anonymous_5)
FNDA:0,(anonymous_6)
FNDA:0,(anonymous_7)
FNDA:0,(anonymous_8)
FNDA:0,(anonymous_9)
FNDA:0,(anonymous_10)
FNDA:0,(anonymous_11)
FNDA:0,(anonymous_12)
FNDA:0,(anonymous_13)
FNDA:0,(anonymous_14)
DA:1,2
DA:2,2
DA:4,2
DA:5,0
DA:6,0
DA:10,2
DA:11,0
DA:12,0
DA:13,0
DA:14,0
DA:15,0
DA:17,0
DA:18,0
DA:19,0
DA:23,0
DA:24,0
DA:27,0
DA:28,0
DA:29,0
DA:30,0
DA:31,0
DA:32,0
DA:33,0
DA:34,0
DA:37,0
DA:38,0
DA:41,0
DA:43,0
DA:44,0
DA:45,0
DA:46,0
DA:47,0
DA:48,0
DA:50,0
DA:52,0
DA:53,0
DA:54,0
DA:55,0
DA:58,0
DA:59,0
DA:60,0
DA:61,0
DA:62,0
DA:65,0
DA:66,0
DA:67,0
DA:68,0
DA:69,0
DA:72,0
DA:73,0
DA:74,0
DA:75,0
DA:76,0
DA:77,0
DA:80,0
DA:82,0
DA:83,0
DA:84,0
DA:85,0
DA:86,0
DA:87,0
DA:88,0
DA:90,0
DA:93,0
DA:94,0
DA:95,0
DA:96,0
DA:97,0
DA:98,0
DA:99,0
DA:103,0
DA:104,0
DA:105,0
DA:106,0
DA:107,0
DA:108,0
DA:109,0
DA:110,0
DA:112,0
DA:113,0
DA:114,0
DA:118,0
DA:119,0
DA:120,0
DA:121,0
DA:122,0
DA:123,0
DA:124,0
DA:126,0
DA:127,0
DA:128,0
DA:129,0
DA:130,0
DA:132,0
DA:135,0
DA:136,0
DA:137,0
DA:138,0
DA:139,0
DA:140,0
DA:141,0
DA:143,0
DA:146,0
DA:147,0
DA:148,0
DA:151,0
DA:152,0
DA:153,0
DA:154,0
DA:155,0
LF:110
LH:4
BRDA:17,0,0,0
BRDA:18,1,0,0
BRDA:18,1,1,0
BRDA:28,2,0,0
BRDA:28,2,1,0
BRDA:30,3,0,0
BRDA:30,3,1,0
BRDA:39,4,0,0
BRDA:39,4,1,0
BRDA:44,5,0,0
BRDA:44,5,1,0
BRDA:46,6,0,0
BRDA:46,6,1,0
BRDA:46,7,0,0
BRDA:46,7,1,0
BRDA:46,8,0,0
BRDA:46,8,1,0
BRDA:48,9,0,0
BRDA:48,9,1,0
BRDA:58,10,0,0
BRDA:61,11,0,0
BRDA:61,11,1,0
BRDA:66,12,0,0
BRDA:66,12,1,0
BRDA:73,13,0,0
BRDA:73,13,1,0
BRDA:80,14,0,0
BRDA:80,14,1,0
BRDA:82,15,0,0
BRDA:82,15,1,0
BRDA:86,16,0,0
BRDA:86,16,1,0
BRDA:86,17,0,0
BRDA:86,17,1,0
BRDA:87,18,0,0
BRDA:87,18,1,0
BRDA:88,19,0,0
BRDA:88,19,1,0
BRDA:88,20,0,0
BRDA:88,20,1,0
BRDA:93,21,0,0
BRDA:93,21,1,0
BRDA:97,22,0,0
BRDA:97,22,1,0
BRDA:97,23,0,0
BRDA:97,23,1,0
BRDA:97,24,0,0
BRDA:97,24,1,0
BRDA:98,25,0,0
BRDA:98,25,1,0
BRDA:103,26,0,0
BRDA:103,26,1,0
BRDA:108,27,0,0
BRDA:108,27,1,0
BRDA:109,28,0,0
BRDA:109,28,1,0
BRDA:113,29,0,0
BRDA:113,29,1,0
BRDA:118,30,0,0
BRDA:118,30,1,0
BRDA:120,31,0,0
BRDA:120,31,1,0
BRDA:126,32,0,0
BRDA:126,32,1,0
BRDA:135,33,0,0
BRDA:135,33,1,0
BRDA:139,34,0,0
BRDA:139,34,1,0
BRDA:140,35,0,0
BRDA:140,35,1,0
BRDA:140,35,2,0
BRDA:140,36,0,0
BRDA:140,36,1,0
BRDA:140,36,2,0
BRDA:140,37,0,0
BRDA:140,37,1,0
BRDA:140,37,2,0
BRDA:147,38,0,0
BRDA:147,38,1,0
BRDA:147,39,0,0
BRDA:147,39,1,0
BRDA:147,40,0,0
BRDA:147,40,1,0
BRDA:153,41,0,0
BRDA:153,41,1,0
BRF:85
BRH:0
end_of_record
TN:
SF:src\utils\pdf\templateBengaliPro.js
FN:5,(anonymous_0)
FN:13,(anonymous_1)
FN:14,(anonymous_2)
FN:18,(anonymous_3)
FN:19,(anonymous_4)
FN:28,(anonymous_5)
FN:39,(anonymous_6)
FN:44,(anonymous_7)
FN:80,(anonymous_8)
FN:86,(anonymous_9)
FN:121,(anonymous_10)
FN:141,(anonymous_11)
FN:161,(anonymous_12)
FN:183,(anonymous_13)
FN:188,(anonymous_14)
FN:193,(anonymous_15)
FN:207,(anonymous_16)
FN:213,(anonymous_17)
FNF:18
FNH:0
FNDA:0,(anonymous_0)
FNDA:0,(anonymous_1)
FNDA:0,(anonymous_2)
FNDA:0,(anonymous_3)
FNDA:0,(anonymous_4)
FNDA:0,(anonymous_5)
FNDA:0,(anonymous_6)
FNDA:0,(anonymous_7)
FNDA:0,(anonymous_8)
FNDA:0,(anonymous_9)
FNDA:0,(anonymous_10)
FNDA:0,(anonymous_11)
FNDA:0,(anonymous_12)
FNDA:0,(anonymous_13)
FNDA:0,(anonymous_14)
FNDA:0,(anonymous_15)
FNDA:0,(anonymous_16)
FNDA:0,(anonymous_17)
DA:1,2
DA:2,2
DA:3,2
DA:5,2
DA:6,0
DA:7,0
DA:8,0
DA:9,0
DA:13,2
DA:14,0
DA:15,0
DA:16,0
DA:17,0
DA:18,0
DA:19,0
DA:20,0
DA:25,0
DA:26,0
DA:28,0
DA:29,0
DA:32,0
DA:33,0
DA:34,0
DA:35,0
DA:36,0
DA:39,0
DA:40,0
DA:41,0
DA:44,0
DA:45,0
DA:46,0
DA:47,0
DA:48,0
DA:49,0
DA:51,0
DA:54,0
DA:57,0
DA:60,0
DA:61,0
DA:62,0
DA:63,0
DA:64,0
DA:65,0
DA:66,0
DA:67,0
DA:69,0
DA:70,0
DA:71,0
DA:72,0
DA:75,0
DA:77,0
DA:78,0
DA:80,0
DA:81,0
DA:82,0
DA:83,0
DA:86,0
DA:87,0
DA:88,0
DA:89,0
DA:90,0
DA:94,0
DA:95,0
DA:96,0
DA:97,0
DA:98,0
DA:99,0
DA:100,0
DA:101,0
DA:102,0
DA:103,0
DA:104,0
DA:105,0
DA:106,0
DA:109,0
DA:110,0
DA:111,0
DA:112,0
DA:113,0
DA:114,0
DA:115,0
DA:116,0
DA:120,0
DA:121,0
DA:123,0
DA:124,0
DA:126,0
DA:127,0
DA:131,0
DA:134,0
DA:135,0
DA:136,0
DA:137,0
DA:138,0
DA:139,0
DA:141,0
DA:142,0
DA:143,0
DA:145,0
DA:146,0
DA:147,0
DA:148,0
DA:152,0
DA:153,0
DA:154,0
DA:155,0
DA:159,0
DA:160,0
DA:161,0
DA:162,0
DA:163,0
DA:164,0
DA:165,0
DA:166,0
DA:167,0
DA:168,0
DA:169,0
DA:170,0
DA:172,0
DA:177,0
DA:178,0
DA:179,0
DA:180,0
DA:181,0
DA:182,0
DA:183,0
DA:184,0
DA:185,0
DA:187,0
DA:188,0
DA:189,0
DA:190,0
DA:191,0
DA:192,0
DA:193,0
DA:194,0
DA:195,0
DA:197,0
DA:199,0
DA:203,0
DA:204,0
DA:205,0
DA:206,0
DA:207,0
DA:208,0
DA:209,0
DA:210,0
DA:211,0
DA:212,0
DA:213,0
DA:214,0
DA:215,0
DA:216,0
DA:218,0
DA:219,0
DA:220,0
DA:221,0
DA:222,0
DA:224,0
DA:228,0
DA:229,0
DA:230,0
DA:231,0
DA:234,0
DA:235,0
DA:236,0
DA:238,0
DA:239,0
LF:168
LH:5
BRDA:28,0,0,0
BRDA:29,1,0,0
BRDA:29,1,1,0
BRDA:44,2,0,0
BRDA:45,3,0,0
BRDA:45,3,1,0
BRDA:61,4,0,0
BRDA:61,4,1,0
BRDA:63,5,0,0
BRDA:63,5,1,0
BRDA:69,6,0,0
BRDA:69,6,1,0
BRDA:87,7,0,0
BRDA:87,7,1,0
BRDA:97,8,0,0
BRDA:97,8,1,0
BRDA:100,9,0,0
BRDA:100,9,1,0
BRDA:109,10,0,0
BRDA:109,10,1,0
BRDA:121,11,0,0
BRDA:121,11,1,0
BRDA:121,12,0,0
BRDA:121,12,1,0
BRDA:134,13,0,0
BRDA:134,13,1,0
BRDA:136,14,0,0
BRDA:136,14,1,0
BRDA:152,15,0,0
BRDA:152,15,1,0
BRDA:159,16,0,0
BRDA:159,16,1,0
BRDA:164,17,0,0
BRDA:164,17,1,0
BRDA:168,18,0,0
BRDA:168,18,1,0
BRDA:177,19,0,0
BRDA:177,19,1,0
BRDA:190,20,0,0
BRDA:190,20,1,0
BRDA:191,21,0,0
BRDA:191,21,1,0
BRDA:191,22,0,0
BRDA:191,22,1,0
BRDA:191,23,0,0
BRDA:191,23,1,0
BRDA:191,24,0,0
BRDA:191,24,1,0
BRDA:203,25,0,0
BRDA:203,25,1,0
BRDA:215,26,0,0
BRDA:215,26,1,0
BRDA:222,27,0,0
BRDA:222,27,1,0
BRDA:236,28,0,0
BRDA:236,28,1,0
BRF:56
BRH:0
end_of_record
TN:
SF:src\utils\pdf\templateClassicCentered.js
FN:4,(anonymous_0)
FN:5,(anonymous_1)
FN:9,(anonymous_2)
FN:10,(anonymous_3)
FN:21,(anonymous_4)
FN:39,(anonymous_5)
FN:47,(anonymous_6)
FN:62,(anonymous_7)
FN:77,(anonymous_8)
FN:86,(anonymous_9)
FN:100,(anonymous_10)
FN:107,(anonymous_11)
FN:129,(anonymous_12)
FN:141,(anonymous_13)
FNF:14
FNH:0
FNDA:0,(anonymous_0)
FNDA:0,(anonymous_1)
FNDA:0,(anonymous_2)
FNDA:0,(anonymous_3)
FNDA:0,(anonymous_4)
FNDA:0,(anonymous_5)
FNDA:0,(anonymous_6)
FNDA:0,(anonymous_7)
FNDA:0,(anonymous_8)
FNDA:0,(anonymous_9)
FNDA:0,(anonymous_10)
FNDA:0,(anonymous_11)
FNDA:0,(anonymous_12)
FNDA:0,(anonymous_13)
DA:1,2
DA:4,2
DA:5,0
DA:6,0
DA:7,0
DA:8,0
DA:9,0
DA:10,0
DA:11,0
DA:13,0
DA:14,0
DA:15,0
DA:16,0
DA:17,0
DA:19,0
DA:21,0
DA:22,0
DA:23,0
DA:24,0
DA:25,0
DA:27,0
DA:31,0
DA:32,0
DA:34,0
DA:35,0
DA:36,0
DA:37,0
DA:39,0
DA:40,0
DA:41,0
DA:42,0
DA:43,0
DA:44,0
DA:47,0
DA:48,0
DA:49,0
DA:53,0
DA:54,0
DA:55,0
DA:56,0
DA:60,0
DA:61,0
DA:62,0
DA:63,0
DA:64,0
DA:65,0
DA:66,0
DA:67,0
DA:68,0
DA:69,0
DA:71,0
DA:75,0
DA:76,0
DA:77,0
DA:78,0
DA:79,0
DA:80,0
DA:81,0
DA:82,0
DA:83,0
DA:84,0
DA:85,0
DA:86,0
DA:87,0
DA:88,0
DA:89,0
DA:90,0
DA:93,0
DA:98,0
DA:99,0
DA:100,0
DA:101,0
DA:102,0
DA:103,0
DA:104,0
DA:105,0
DA:106,0
DA:107,0
DA:108,0
DA:109,0
DA:110,0
DA:111,0
DA:114,0
DA:115,0
DA:116,0
DA:117,0
DA:118,0
DA:119,0
DA:120,0
DA:122,0
DA:127,0
DA:128,0
DA:129,0
DA:130,0
DA:131,0
DA:132,0
DA:133,0
DA:135,0
DA:139,0
DA:140,0
DA:141,0
DA:142,0
DA:143,0
DA:144,0
DA:145,0
DA:149,0
DA:150,0
LF:107
LH:2
BRDA:21,0,0,0
BRDA:22,1,0,0
BRDA:22,1,1,0
BRDA:31,2,0,0
BRDA:31,2,1,0
BRDA:35,3,0,0
BRDA:35,3,1,0
BRDA:35,4,0,0
BRDA:35,4,1,0
BRDA:35,5,0,0
BRDA:35,5,1,0
BRDA:48,6,0,0
BRDA:48,6,1,0
BRDA:53,7,0,0
BRDA:53,7,1,0
BRDA:60,8,0,0
BRDA:60,8,1,0
BRDA:64,9,0,0
BRDA:64,9,1,0
BRDA:68,10,0,0
BRDA:68,10,1,0
BRDA:75,11,0,0
BRDA:75,11,1,0
BRDA:80,12,0,0
BRDA:80,12,1,0
BRDA:84,13,0,0
BRDA:84,13,1,0
BRDA:98,14,0,0
BRDA:98,14,1,0
BRDA:103,15,0,0
BRDA:103,15,1,0
BRDA:105,16,0,0
BRDA:105,16,1,0
BRDA:114,17,0,0
BRDA:114,17,1,0
BRDA:114,18,0,0
BRDA:114,18,1,0
BRDA:117,19,0,0
BRDA:117,19,1,0
BRDA:118,20,0,0
BRDA:118,20,1,0
BRDA:127,21,0,0
BRDA:127,21,1,0
BRDA:139,22,0,0
BRDA:139,22,1,0
BRDA:139,23,0,0
BRDA:139,23,1,0
BRDA:141,24,0,0
BRDA:141,24,1,0
BRDA:141,25,0,0
BRDA:141,25,1,0
BRDA:144,26,0,0
BRDA:144,26,1,0
BRF:53
BRH:0
end_of_record
TN:
SF:src\utils\pdf\templateClassicMinimal.js
FN:4,(anonymous_0)
FN:12,(anonymous_1)
FN:13,(anonymous_2)
FN:17,(anonymous_3)
FN:18,(anonymous_4)
FN:29,(anonymous_5)
FN:74,(anonymous_6)
FN:82,(anonymous_7)
FN:98,(anonymous_8)
FN:113,(anonymous_9)
FN:122,(anonymous_10)
FN:136,(anonymous_11)
FN:143,(anonymous_12)
FN:166,(anonymous_13)
FN:178,(anonymous_14)
FNF:15
FNH:0
FNDA:0,(anonymous_0)
FNDA:0,(anonymous_1)
FNDA:0,(anonymous_2)
FNDA:0,(anonymous_3)
FNDA:0,(anonymous_4)
FNDA:0,(anonymous_5)
FNDA:0,(anonymous_6)
FNDA:0,(anonymous_7)
FNDA:0,(anonymous_8)
FNDA:0,(anonymous_9)
FNDA:0,(anonymous_10)
FNDA:0,(anonymous_11)
FNDA:0,(anonymous_12)
FNDA:0,(anonymous_13)
FNDA:0,(anonymous_14)
DA:1,2
DA:2,2
DA:4,2
DA:5,0
DA:6,0
DA:7,0
DA:8,0
DA:12,2
DA:13,0
DA:14,0
DA:15,0
DA:16,0
DA:17,0
DA:18,0
DA:19,0
DA:21,0
DA:22,0
DA:23,0
DA:24,0
DA:25,0
DA:27,0
DA:29,0
DA:30,0
DA:31,0
DA:32,0
DA:33,0
DA:35,0
DA:39,0
DA:40,0
DA:43,0
DA:44,0
DA:46,0
DA:47,0
DA:48,0
DA:49,0
DA:50,0
DA:51,0
DA:54,0
DA:55,0
DA:56,0
DA:57,0
DA:58,0
DA:59,0
DA:60,0
DA:61,0
DA:63,0
DA:64,0
DA:65,0
DA:66,0
DA:67,0
DA:72,0
DA:74,0
DA:75,0
DA:76,0
DA:77,0
DA:78,0
DA:79,0
DA:82,0
DA:83,0
DA:84,0
DA:85,0
DA:89,0
DA:90,0
DA:91,0
DA:92,0
DA:96,0
DA:97,0
DA:98,0
DA:99,0
DA:100,0
DA:101,0
DA:102,0
DA:103,0
DA:104,0
DA:105,0
DA:107,0
DA:111,0
DA:112,0
DA:113,0
DA:114,0
DA:115,0
DA:116,0
DA:117,0
DA:118,0
DA:119,0
DA:120,0
DA:121,0
DA:122,0
DA:123,0
DA:124,0
DA:125,0
DA:126,0
DA:129,0
DA:134,0
DA:135,0
DA:136,0
DA:137,0
DA:138,0
DA:139,0
DA:140,0
DA:141,0
DA:142,0
DA:143,0
DA:144,0
DA:145,0
DA:146,0
DA:147,0
DA:150,0
DA:151,0
DA:152,0
DA:153,0
DA:154,0
DA:155,0
DA:156,0
DA:157,0
DA:159,0
DA:164,0
DA:165,0
DA:166,0
DA:167,0
DA:168,0
DA:169,0
DA:170,0
DA:172,0
DA:176,0
DA:177,0
DA:178,0
DA:179,0
DA:180,0
DA:181,0
DA:182,0
DA:186,0
DA:187,0
LF:133
LH:4
BRDA:29,0,0,0
BRDA:30,1,0,0
BRDA:30,1,1,0
BRDA:43,2,0,0
BRDA:43,2,1,0
BRDA:47,3,0,0
BRDA:47,3,1,0
BRDA:48,4,0,0
BRDA:48,4,1,0
BRDA:49,5,0,0
BRDA:49,5,1,0
BRDA:50,6,0,0
BRDA:50,6,1,0
BRDA:51,7,0,0
BRDA:51,7,1,0
BRDA:54,8,0,0
BRDA:54,8,1,0
BRDA:56,9,0,0
BRDA:56,9,1,0
BRDA:63,10,0,0
BRDA:63,10,1,0
BRDA:83,11,0,0
BRDA:83,11,1,0
BRDA:89,12,0,0
BRDA:89,12,1,0
BRDA:96,13,0,0
BRDA:96,13,1,0
BRDA:100,14,0,0
BRDA:100,14,1,0
BRDA:104,15,0,0
BRDA:104,15,1,0
BRDA:111,16,0,0
BRDA:111,16,1,0
BRDA:116,17,0,0
BRDA:116,17,1,0
BRDA:120,18,0,0
BRDA:120,18,1,0
BRDA:134,19,0,0
BRDA:134,19,1,0
BRDA:139,20,0,0
BRDA:139,20,1,0
BRDA:141,21,0,0
BRDA:141,21,1,0
BRDA:150,22,0,0
BRDA:150,22,1,0
BRDA:150,23,0,0
BRDA:150,23,1,0
BRDA:154,24,0,0
BRDA:154,24,1,0
BRDA:155,25,0,0
BRDA:155,25,1,0
BRDA:164,26,0,0
BRDA:164,26,1,0
BRDA:176,27,0,0
BRDA:176,27,1,0
BRDA:176,28,0,0
BRDA:176,28,1,0
BRDA:178,29,0,0
BRDA:178,29,1,0
BRDA:178,30,0,0
BRDA:178,30,1,0
BRDA:181,31,0,0
BRDA:181,31,1,0
BRF:63
BRH:0
end_of_record
TN:
SF:src\utils\pdf\templateCorporate.js
FN:4,(anonymous_0)
FN:12,(anonymous_1)
FN:12,(anonymous_2)
FN:15,(anonymous_3)
FN:15,(anonymous_4)
FN:25,(anonymous_5)
FN:30,(anonymous_6)
FN:96,(anonymous_7)
FN:102,(anonymous_8)
FN:106,(anonymous_9)
FN:114,(anonymous_10)
FN:124,(anonymous_11)
FN:130,(anonymous_12)
FN:135,(anonymous_13)
FN:143,(anonymous_14)
FN:152,(anonymous_15)
FN:163,(anonymous_16)
FN:173,(anonymous_17)
FN:187,(anonymous_18)
FN:187,(anonymous_19)
FNF:20
FNH:0
FNDA:0,(anonymous_0)
FNDA:0,(anonymous_1)
FNDA:0,(anonymous_2)
FNDA:0,(anonymous_3)
FNDA:0,(anonymous_4)
FNDA:0,(anonymous_5)
FNDA:0,(anonymous_6)
FNDA:0,(anonymous_7)
FNDA:0,(anonymous_8)
FNDA:0,(anonymous_9)
FNDA:0,(anonymous_10)
FNDA:0,(anonymous_11)
FNDA:0,(anonymous_12)
FNDA:0,(anonymous_13)
FNDA:0,(anonymous_14)
FNDA:0,(anonymous_15)
FNDA:0,(anonymous_16)
FNDA:0,(anonymous_17)
FNDA:0,(anonymous_18)
FNDA:0,(anonymous_19)
DA:1,2
DA:2,2
DA:4,2
DA:5,0
DA:6,0
DA:7,0
DA:8,0
DA:12,2
DA:13,0
DA:14,0
DA:15,0
DA:17,0
DA:18,0
DA:19,0
DA:20,0
DA:21,0
DA:22,0
DA:25,0
DA:26,0
DA:27,0
DA:30,0
DA:31,0
DA:32,0
DA:33,0
DA:34,0
DA:35,0
DA:37,0
DA:40,0
DA:43,0
DA:44,0
DA:45,0
DA:47,0
DA:48,0
DA:49,0
DA:50,0
DA:51,0
DA:52,0
DA:54,0
DA:55,0
DA:56,0
DA:57,0
DA:60,0
DA:61,0
DA:62,0
DA:63,0
DA:64,0
DA:66,0
DA:67,0
DA:68,0
DA:69,0
DA:72,0
DA:73,0
DA:75,0
DA:79,0
DA:80,0
DA:83,0
DA:86,0
DA:87,0
DA:88,0
DA:89,0
DA:91,0
DA:92,0
DA:95,0
DA:96,0
DA:97,0
DA:98,0
DA:99,0
DA:100,0
DA:102,0
DA:103,0
DA:104,0
DA:106,0
DA:108,0
DA:109,0
DA:110,0
DA:112,0
DA:113,0
DA:114,0
DA:115,0
DA:116,0
DA:117,0
DA:120,0
DA:122,0
DA:123,0
DA:124,0
DA:127,0
DA:128,0
DA:129,0
DA:130,0
DA:134,0
DA:135,0
DA:136,0
DA:137,0
DA:138,0
DA:139,0
DA:140,0
DA:143,0
DA:144,0
DA:145,0
DA:146,0
DA:147,0
DA:149,0
DA:152,0
DA:153,0
DA:154,0
DA:155,0
DA:156,0
DA:159,0
DA:161,0
DA:162,0
DA:163,0
DA:164,0
DA:165,0
DA:166,0
DA:167,0
DA:171,0
DA:172,0
DA:173,0
DA:174,0
DA:175,0
DA:176,0
DA:177,0
DA:178,0
DA:180,0
DA:185,0
DA:186,0
DA:187,0
DA:188,0
DA:189,0
DA:190,0
DA:191,0
DA:195,0
DA:196,0
DA:197,0
DA:198,0
LF:135
LH:4
BRDA:30,0,0,0
BRDA:31,1,0,0
BRDA:31,1,1,0
BRDA:47,2,0,0
BRDA:47,2,1,0
BRDA:49,3,0,0
BRDA:49,3,1,0
BRDA:60,4,0,0
BRDA:60,4,1,0
BRDA:81,5,0,0
BRDA:81,5,1,0
BRDA:87,6,0,0
BRDA:87,6,1,0
BRDA:88,7,0,0
BRDA:88,7,1,0
BRDA:91,8,0,0
BRDA:91,8,1,0
BRDA:91,9,0,0
BRDA:91,9,1,0
BRDA:108,10,0,0
BRDA:108,10,1,0
BRDA:109,11,0,0
BRDA:109,11,1,0
BRDA:112,12,0,0
BRDA:112,12,1,0
BRDA:115,13,0,0
BRDA:115,13,1,0
BRDA:115,13,2,0
BRDA:116,14,0,0
BRDA:116,14,1,0
BRDA:116,15,0,0
BRDA:116,15,1,0
BRDA:122,16,0,0
BRDA:122,16,1,0
BRDA:127,17,0,0
BRDA:127,17,1,0
BRDA:130,18,0,0
BRDA:130,18,1,0
BRDA:143,19,0,0
BRDA:146,20,0,0
BRDA:146,20,1,0
BRDA:153,21,0,0
BRDA:153,21,1,0
BRDA:159,22,0,0
BRDA:159,22,1,0
BRDA:161,23,0,0
BRDA:161,23,1,0
BRDA:165,24,0,0
BRDA:165,24,1,0
BRDA:165,25,0,0
BRDA:165,25,1,0
BRDA:165,26,0,0
BRDA:165,26,1,0
BRDA:171,27,0,0
BRDA:171,27,1,0
BRDA:176,28,0,0
BRDA:176,28,1,0
BRDA:177,29,0,0
BRDA:177,29,1,0
BRDA:186,30,0,0
BRDA:186,30,1,0
BRF:61
BRH:0
end_of_record
TN:
SF:src\utils\pdf\templateCreative.js
FN:4,(anonymous_0)
FN:10,(anonymous_1)
FN:10,(anonymous_2)
FN:13,(anonymous_3)
FN:13,(anonymous_4)
FN:18,(anonymous_5)
FN:23,(anonymous_6)
FN:45,(anonymous_7)
FN:51,(anonymous_8)
FN:52,(anonymous_9)
FN:53,(anonymous_10)
FN:63,(anonymous_11)
FN:67,(anonymous_12)
FN:68,(anonymous_13)
FN:69,(anonymous_14)
FN:81,(anonymous_15)
FN:87,(anonymous_16)
FN:94,(anonymous_17)
FN:105,(anonymous_18)
FN:115,(anonymous_19)
FNF:20
FNH:0
FNDA:0,(anonymous_0)
FNDA:0,(anonymous_1)
FNDA:0,(anonymous_2)
FNDA:0,(anonymous_3)
FNDA:0,(anonymous_4)
FNDA:0,(anonymous_5)
FNDA:0,(anonymous_6)
FNDA:0,(anonymous_7)
FNDA:0,(anonymous_8)
FNDA:0,(anonymous_9)
FNDA:0,(anonymous_10)
FNDA:0,(anonymous_11)
FNDA:0,(anonymous_12)
FNDA:0,(anonymous_13)
FNDA:0,(anonymous_14)
FNDA:0,(anonymous_15)
FNDA:0,(anonymous_16)
FNDA:0,(anonymous_17)
FNDA:0,(anonymous_18)
FNDA:0,(anonymous_19)
DA:1,2
DA:2,2
DA:4,2
DA:5,0
DA:6,0
DA:10,2
DA:11,0
DA:12,0
DA:13,0
DA:14,0
DA:15,0
DA:16,0
DA:18,0
DA:19,0
DA:20,0
DA:23,0
DA:24,0
DA:25,0
DA:28,0
DA:31,0
DA:32,0
DA:33,0
DA:35,0
DA:36,0
DA:37,0
DA:38,0
DA:39,0
DA:40,0
DA:41,0
DA:44,0
DA:45,0
DA:46,0
DA:50,0
DA:51,0
DA:52,0
DA:53,0
DA:55,0
DA:56,0
DA:57,0
DA:58,0
DA:59,0
DA:60,0
DA:62,0
DA:63,0
DA:64,0
DA:66,0
DA:67,0
DA:68,0
DA:69,0
DA:73,0
DA:74,0
DA:75,0
DA:76,0
DA:77,0
DA:79,0
DA:81,0
DA:82,0
DA:83,0
DA:84,0
DA:87,0
DA:88,0
DA:89,0
DA:90,0
DA:91,0
DA:94,0
DA:95,0
DA:96,0
DA:97,0
DA:98,0
DA:101,0
DA:103,0
DA:104,0
DA:105,0
DA:106,0
DA:107,0
DA:108,0
DA:109,0
DA:113,0
DA:114,0
DA:115,0
DA:116,0
DA:117,0
DA:118,0
DA:119,0
DA:120,0
DA:122,0
DA:127,0
DA:128,0
DA:129,0
DA:130,0
LF:90
LH:4
BRDA:23,0,0,0
BRDA:24,1,0,0
BRDA:24,1,1,0
BRDA:35,2,0,0
BRDA:35,2,1,0
BRDA:37,3,0,0
BRDA:37,3,1,0
BRDA:45,4,0,0
BRDA:45,4,1,0
BRDA:52,5,0,0
BRDA:52,6,0,0
BRDA:52,6,1,0
BRDA:56,7,0,0
BRDA:56,7,1,0
BRDA:57,8,0,0
BRDA:57,8,1,0
BRDA:58,9,0,0
BRDA:58,9,1,0
BRDA:59,10,0,0
BRDA:59,10,1,0
BRDA:63,11,0,0
BRDA:63,11,1,0
BRDA:63,11,2,0
BRDA:63,12,0,0
BRDA:63,12,1,0
BRDA:63,13,0,0
BRDA:63,13,1,0
BRDA:63,14,0,0
BRDA:63,14,1,0
BRDA:68,15,0,0
BRDA:68,15,1,0
BRDA:69,16,0,0
BRDA:69,16,1,0
BRDA:69,17,0,0
BRDA:69,17,1,0
BRDA:69,18,0,0
BRDA:69,18,1,0
BRDA:69,18,2,0
BRDA:69,19,0,0
BRDA:69,19,1,0
BRDA:69,19,2,0
BRDA:69,20,0,0
BRDA:69,20,1,0
BRDA:69,20,2,0
BRDA:74,21,0,0
BRDA:74,21,1,0
BRDA:76,22,0,0
BRDA:76,22,1,0
BRDA:87,23,0,0
BRDA:90,24,0,0
BRDA:90,24,1,0
BRDA:95,25,0,0
BRDA:95,25,1,0
BRDA:101,26,0,0
BRDA:101,26,1,0
BRDA:103,27,0,0
BRDA:103,27,1,0
BRDA:107,28,0,0
BRDA:107,28,1,0
BRDA:107,29,0,0
BRDA:107,29,1,0
BRDA:107,30,0,0
BRDA:107,30,1,0
BRDA:113,31,0,0
BRDA:113,31,1,0
BRDA:118,32,0,0
BRDA:118,32,1,0
BRDA:119,33,0,0
BRDA:119,33,1,0
BRF:69
BRH:0
end_of_record
TN:
SF:src\utils\pdf\templateEuropass.js
FN:4,(anonymous_0)
FN:10,(anonymous_1)
FN:10,(anonymous_2)
FN:13,(anonymous_3)
FN:13,(anonymous_4)
FN:17,(anonymous_5)
FN:55,(anonymous_6)
FN:62,(anonymous_7)
FN:73,(anonymous_8)
FN:84,(anonymous_9)
FN:93,(anonymous_10)
FN:102,(anonymous_11)
FN:102,(anonymous_12)
FN:106,(anonymous_13)
FNF:14
FNH:0
FNDA:0,(anonymous_0)
FNDA:0,(anonymous_1)
FNDA:0,(anonymous_2)
FNDA:0,(anonymous_3)
FNDA:0,(anonymous_4)
FNDA:0,(anonymous_5)
FNDA:0,(anonymous_6)
FNDA:0,(anonymous_7)
FNDA:0,(anonymous_8)
FNDA:0,(anonymous_9)
FNDA:0,(anonymous_10)
FNDA:0,(anonymous_11)
FNDA:0,(anonymous_12)
FNDA:0,(anonymous_13)
DA:1,2
DA:2,2
DA:4,2
DA:5,0
DA:6,0
DA:10,2
DA:11,0
DA:12,0
DA:13,0
DA:14,0
DA:15,0
DA:17,0
DA:18,0
DA:19,0
DA:23,0
DA:24,0
DA:25,0
DA:27,0
DA:28,0
DA:29,0
DA:31,0
DA:32,0
DA:33,0
DA:34,0
DA:35,0
DA:36,0
DA:37,0
DA:38,0
DA:41,0
DA:42,0
DA:46,0
DA:48,0
DA:49,0
DA:50,0
DA:51,0
DA:53,0
DA:55,0
DA:56,0
DA:57,0
DA:58,0
DA:59,0
DA:62,0
DA:63,0
DA:64,0
DA:65,0
DA:66,0
DA:67,0
DA:68,0
DA:69,0
DA:70,0
DA:73,0
DA:74,0
DA:75,0
DA:76,0
DA:77,0
DA:80,0
DA:82,0
DA:83,0
DA:84,0
DA:85,0
DA:86,0
DA:87,0
DA:89,0
DA:91,0
DA:92,0
DA:93,0
DA:94,0
DA:95,0
DA:96,0
DA:100,0
DA:101,0
DA:102,0
DA:104,0
DA:105,0
DA:106,0
DA:107,0
DA:108,0
DA:112,0
DA:113,0
DA:114,0
DA:117,0
DA:118,0
DA:119,0
DA:120,0
DA:121,0
LF:85
LH:4
BRDA:17,0,0,0
BRDA:18,1,0,0
BRDA:18,1,1,0
BRDA:31,2,0,0
BRDA:31,2,1,0
BRDA:33,3,0,0
BRDA:33,3,1,0
BRDA:43,4,0,0
BRDA:43,4,1,0
BRDA:48,5,0,0
BRDA:48,5,1,0
BRDA:49,6,0,0
BRDA:49,6,1,0
BRDA:49,7,0,0
BRDA:49,7,1,0
BRDA:51,8,0,0
BRDA:51,8,1,0
BRDA:63,9,0,0
BRDA:63,9,1,0
BRDA:74,10,0,0
BRDA:74,10,1,0
BRDA:80,11,0,0
BRDA:80,11,1,0
BRDA:83,12,0,0
BRDA:83,12,1,0
BRDA:86,13,0,0
BRDA:86,13,1,0
BRDA:86,14,0,0
BRDA:86,14,1,0
BRDA:86,15,0,0
BRDA:86,15,1,0
BRDA:86,16,0,0
BRDA:86,16,1,0
BRDA:86,17,0,0
BRDA:86,17,1,0
BRDA:92,18,0,0
BRDA:92,18,1,0
BRDA:95,19,0,0
BRDA:95,19,1,0
BRDA:95,20,0,0
BRDA:95,20,1,0
BRDA:95,20,2,0
BRDA:95,21,0,0
BRDA:95,21,1,0
BRDA:95,22,0,0
BRDA:95,22,1,0
BRDA:101,23,0,0
BRDA:101,23,1,0
BRDA:101,24,0,0
BRDA:101,24,1,0
BRDA:101,25,0,0
BRDA:101,25,1,0
BRDA:105,26,0,0
BRDA:105,26,1,0
BRDA:108,27,0,0
BRDA:108,27,1,0
BRDA:108,28,0,0
BRDA:108,28,1,0
BRDA:108,28,2,0
BRDA:108,29,0,0
BRDA:108,29,1,0
BRDA:108,29,2,0
BRDA:108,30,0,0
BRDA:108,30,1,0
BRDA:108,30,2,0
BRDA:113,31,0,0
BRDA:113,31,1,0
BRDA:114,32,0,0
BRDA:114,32,1,0
BRDA:119,33,0,0
BRDA:119,33,1,0
BRF:71
BRH:0
end_of_record
TN:
SF:src\utils\pdf\templateGovt.js
FN:4,(anonymous_0)
FN:12,(anonymous_1)
FN:12,(anonymous_2)
FN:15,(anonymous_3)
FN:15,(anonymous_4)
FN:20,(anonymous_5)
FN:74,(anonymous_6)
FN:81,(anonymous_7)
FN:89,(anonymous_8)
FN:96,(anonymous_9)
FN:132,(anonymous_10)
FN:138,(anonymous_11)
FN:143,(anonymous_12)
FN:154,(anonymous_13)
FN:165,(anonymous_14)
FN:185,(anonymous_15)
FNF:16
FNH:0
FNDA:0,(anonymous_0)
FNDA:0,(anonymous_1)
FNDA:0,(anonymous_2)
FNDA:0,(anonymous_3)
FNDA:0,(anonymous_4)
FNDA:0,(anonymous_5)
FNDA:0,(anonymous_6)
FNDA:0,(anonymous_7)
FNDA:0,(anonymous_8)
FNDA:0,(anonymous_9)
FNDA:0,(anonymous_10)
FNDA:0,(anonymous_11)
FNDA:0,(anonymous_12)
FNDA:0,(anonymous_13)
FNDA:0,(anonymous_14)
FNDA:0,(anonymous_15)
DA:1,2
DA:2,2
DA:4,2
DA:5,0
DA:6,0
DA:7,0
DA:8,0
DA:12,2
DA:13,0
DA:14,0
DA:15,0
DA:16,0
DA:17,0
DA:18,0
DA:20,0
DA:21,0
DA:22,0
DA:26,0
DA:29,0
DA:30,0
DA:31,0
DA:33,0
DA:34,0
DA:35,0
DA:36,0
DA:37,0
DA:38,0
DA:40,0
DA:41,0
DA:42,0
DA:45,0
DA:46,0
DA:47,0
DA:49,0
DA:50,0
DA:53,0
DA:54,0
DA:55,0
DA:57,0
DA:61,0
DA:62,0
DA:66,0
DA:67,0
DA:68,0
DA:69,0
DA:70,0
DA:72,0
DA:74,0
DA:75,0
DA:76,0
DA:77,0
DA:78,0
DA:81,0
DA:82,0
DA:83,0
DA:84,0
DA:85,0
DA:86,0
DA:89,0
DA:90,0
DA:91,0
DA:92,0
DA:93,0
DA:96,0
DA:97,0
DA:98,0
DA:99,0
DA:100,0
DA:103,0
DA:105,0
DA:106,0
DA:107,0
DA:108,0
DA:109,0
DA:110,0
DA:111,0
DA:112,0
DA:114,0
DA:115,0
DA:116,0
DA:118,0
DA:120,0
DA:121,0
DA:122,0
DA:124,0
DA:125,0
DA:126,0
DA:127,0
DA:130,0
DA:131,0
DA:132,0
DA:133,0
DA:134,0
DA:136,0
DA:138,0
DA:139,0
DA:140,0
DA:141,0
DA:142,0
DA:143,0
DA:144,0
DA:145,0
DA:147,0
DA:149,0
DA:152,0
DA:153,0
DA:154,0
DA:155,0
DA:156,0
DA:157,0
DA:158,0
DA:159,0
DA:163,0
DA:164,0
DA:165,0
DA:166,0
DA:167,0
DA:168,0
DA:169,0
DA:170,0
DA:172,0
DA:173,0
DA:177,0
DA:178,0
DA:179,0
DA:180,0
DA:183,0
DA:184,0
DA:185,0
DA:186,0
DA:187,0
DA:188,0
DA:189,0
DA:194,0
DA:195,0
DA:196,0
DA:197,0
DA:198,0
LF:138
LH:4
BRDA:20,0,0,0
BRDA:21,1,0,0
BRDA:21,1,1,0
BRDA:33,2,0,0
BRDA:33,2,1,0
BRDA:35,3,0,0
BRDA:35,3,1,0
BRDA:45,4,0,0
BRDA:45,4,1,0
BRDA:63,5,0,0
BRDA:63,5,1,0
BRDA:67,6,0,0
BRDA:67,6,1,0
BRDA:68,7,0,0
BRDA:68,7,1,0
BRDA:68,8,0,0
BRDA:68,8,1,0
BRDA:70,9,0,0
BRDA:70,9,1,0
BRDA:74,10,0,0
BRDA:82,11,0,0
BRDA:82,11,1,0
BRDA:90,12,0,0
BRDA:90,12,1,0
BRDA:96,13,0,0
BRDA:99,14,0,0
BRDA:99,14,1,0
BRDA:103,15,0,0
BRDA:103,15,1,0
BRDA:106,16,0,0
BRDA:106,16,1,0
BRDA:107,17,0,0
BRDA:107,17,1,0
BRDA:110,18,0,0
BRDA:110,18,1,0
BRDA:110,19,0,0
BRDA:110,19,1,0
BRDA:114,20,0,0
BRDA:114,20,1,0
BRDA:114,21,0,0
BRDA:114,21,1,0
BRDA:124,22,0,0
BRDA:124,22,1,0
BRDA:140,23,0,0
BRDA:140,23,1,0
BRDA:141,24,0,0
BRDA:141,24,1,0
BRDA:141,25,0,0
BRDA:141,25,1,0
BRDA:141,26,0,0
BRDA:141,26,1,0
BRDA:141,27,0,0
BRDA:141,27,1,0
BRDA:141,28,0,0
BRDA:141,28,1,0
BRDA:144,29,0,0
BRDA:144,29,1,0
BRDA:152,30,0,0
BRDA:152,30,1,0
BRDA:156,31,0,0
BRDA:156,31,1,0
BRDA:156,32,0,0
BRDA:156,32,1,0
BRDA:156,33,0,0
BRDA:156,33,1,0
BRDA:158,34,0,0
BRDA:158,34,1,0
BRDA:163,35,0,0
BRDA:163,35,1,0
BRDA:168,36,0,0
BRDA:168,36,1,0
BRDA:169,37,0,0
BRDA:169,37,1,0
BRDA:172,38,0,0
BRDA:172,38,1,0
BRDA:177,39,0,0
BRDA:177,39,1,0
BRDA:177,40,0,0
BRDA:177,40,1,0
BRDA:179,41,0,0
BRDA:179,41,1,0
BRDA:180,42,0,0
BRDA:180,42,1,0
BRDA:183,43,0,0
BRDA:183,43,1,0
BRDA:187,44,0,0
BRDA:187,44,1,0
BRDA:188,45,0,0
BRDA:188,45,1,0
BRDA:188,45,2,0
BRDA:188,46,0,0
BRDA:188,46,1,0
BRDA:188,46,2,0
BRDA:188,47,0,0
BRDA:188,47,1,0
BRDA:188,47,2,0
BRF:96
BRH:0
end_of_record
TN:
SF:src\utils\pdf\templateModernTech.js
FN:4,(anonymous_0)
FN:12,(anonymous_1)
FN:13,(anonymous_2)
FN:17,(anonymous_3)
FN:18,(anonymous_4)
FN:29,(anonymous_5)
FN:44,(anonymous_6)
FN:82,(anonymous_7)
FN:96,(anonymous_8)
FN:105,(anonymous_9)
FN:115,(anonymous_10)
FN:133,(anonymous_11)
FN:141,(anonymous_12)
FN:150,(anonymous_13)
FN:164,(anonymous_14)
FN:176,(anonymous_15)
FN:189,(anonymous_16)
FN:211,(anonymous_17)
FNF:18
FNH:0
FNDA:0,(anonymous_0)
FNDA:0,(anonymous_1)
FNDA:0,(anonymous_2)
FNDA:0,(anonymous_3)
FNDA:0,(anonymous_4)
FNDA:0,(anonymous_5)
FNDA:0,(anonymous_6)
FNDA:0,(anonymous_7)
FNDA:0,(anonymous_8)
FNDA:0,(anonymous_9)
FNDA:0,(anonymous_10)
FNDA:0,(anonymous_11)
FNDA:0,(anonymous_12)
FNDA:0,(anonymous_13)
FNDA:0,(anonymous_14)
FNDA:0,(anonymous_15)
FNDA:0,(anonymous_16)
FNDA:0,(anonymous_17)
DA:1,2
DA:2,2
DA:4,2
DA:5,0
DA:6,0
DA:7,0
DA:8,0
DA:12,2
DA:13,0
DA:14,0
DA:15,0
DA:16,0
DA:17,0
DA:18,0
DA:19,0
DA:21,0
DA:22,0
DA:23,0
DA:24,0
DA:25,0
DA:26,0
DA:27,0
DA:29,0
DA:30,0
DA:32,0
DA:33,0
DA:34,0
DA:35,0
DA:38,0
DA:39,0
DA:41,0
DA:44,0
DA:45,0
DA:46,0
DA:47,0
DA:48,0
DA:49,0
DA:51,0
DA:54,0
DA:57,0
DA:58,0
DA:59,0
DA:60,0
DA:61,0
DA:62,0
DA:63,0
DA:64,0
DA:66,0
DA:67,0
DA:68,0
DA:69,0
DA:72,0
DA:74,0
DA:77,0
DA:78,0
DA:81,0
DA:82,0
DA:83,0
DA:84,0
DA:85,0
DA:86,0
DA:89,0
DA:90,0
DA:91,0
DA:92,0
DA:93,0
DA:94,0
DA:96,0
DA:97,0
DA:98,0
DA:99,0
DA:100,0
DA:103,0
DA:104,0
DA:105,0
DA:106,0
DA:107,0
DA:108,0
DA:112,0
DA:113,0
DA:114,0
DA:115,0
DA:116,0
DA:117,0
DA:118,0
DA:123,0
DA:126,0
DA:127,0
DA:128,0
DA:129,0
DA:130,0
DA:131,0
DA:133,0
DA:134,0
DA:135,0
DA:136,0
DA:137,0
DA:138,0
DA:141,0
DA:142,0
DA:143,0
DA:144,0
DA:145,0
DA:148,0
DA:149,0
DA:150,0
DA:151,0
DA:152,0
DA:153,0
DA:154,0
DA:155,0
DA:156,0
DA:157,0
DA:158,0
DA:162,0
DA:163,0
DA:164,0
DA:165,0
DA:166,0
DA:167,0
DA:168,0
DA:169,0
DA:170,0
DA:171,0
DA:172,0
DA:173,0
DA:174,0
DA:175,0
DA:176,0
DA:177,0
DA:178,0
DA:179,0
DA:180,0
DA:183,0
DA:187,0
DA:188,0
DA:189,0
DA:190,0
DA:191,0
DA:192,0
DA:193,0
DA:194,0
DA:195,0
DA:197,0
DA:198,0
DA:199,0
DA:200,0
DA:201,0
DA:202,0
DA:203,0
DA:205,0
DA:209,0
DA:210,0
DA:211,0
DA:212,0
DA:213,0
DA:214,0
DA:215,0
DA:219,0
DA:220,0
LF:160
LH:4
BRDA:44,0,0,0
BRDA:45,1,0,0
BRDA:45,1,1,0
BRDA:58,2,0,0
BRDA:58,2,1,0
BRDA:60,3,0,0
BRDA:60,3,1,0
BRDA:66,4,0,0
BRDA:66,4,1,0
BRDA:78,5,0,0
BRDA:78,5,1,0
BRDA:83,6,0,0
BRDA:83,6,1,0
BRDA:91,7,0,0
BRDA:91,7,1,0
BRDA:92,8,0,0
BRDA:92,8,1,0
BRDA:103,9,0,0
BRDA:103,9,1,0
BRDA:112,10,0,0
BRDA:112,10,1,0
BRDA:117,11,0,0
BRDA:117,11,1,0
BRDA:126,12,0,0
BRDA:126,12,1,0
BRDA:142,13,0,0
BRDA:142,13,1,0
BRDA:148,14,0,0
BRDA:148,14,1,0
BRDA:155,15,0,0
BRDA:155,15,1,0
BRDA:155,16,0,0
BRDA:155,16,1,0
BRDA:157,17,0,0
BRDA:157,17,1,0
BRDA:162,18,0,0
BRDA:162,18,1,0
BRDA:166,19,0,0
BRDA:166,19,1,0
BRDA:172,20,0,0
BRDA:172,20,1,0
BRDA:174,21,0,0
BRDA:174,21,1,0
BRDA:187,22,0,0
BRDA:187,22,1,0
BRDA:193,23,0,0
BRDA:193,23,1,0
BRDA:197,24,0,0
BRDA:197,24,1,0
BRDA:197,25,0,0
BRDA:197,25,1,0
BRDA:200,26,0,0
BRDA:200,26,1,0
BRDA:201,27,0,0
BRDA:201,27,1,0
BRDA:209,28,0,0
BRDA:209,28,1,0
BRDA:214,29,0,0
BRDA:214,29,1,0
BRF:59
BRH:0
end_of_record
TN:
SF:src\utils\pdf\templateSmartPro.js
FN:4,(anonymous_0)
FN:14,(anonymous_1)
FN:15,(anonymous_2)
FN:19,(anonymous_3)
FN:20,(anonymous_4)
FN:33,(anonymous_5)
FN:39,(anonymous_6)
FN:107,(anonymous_7)
FN:114,(anonymous_8)
FN:132,(anonymous_9)
FN:143,(anonymous_10)
FN:167,(anonymous_11)
FN:175,(anonymous_12)
FN:187,(anonymous_13)
FN:207,(anonymous_14)
FN:221,(anonymous_15)
FNF:16
FNH:0
FNDA:0,(anonymous_0)
FNDA:0,(anonymous_1)
FNDA:0,(anonymous_2)
FNDA:0,(anonymous_3)
FNDA:0,(anonymous_4)
FNDA:0,(anonymous_5)
FNDA:0,(anonymous_6)
FNDA:0,(anonymous_7)
FNDA:0,(anonymous_8)
FNDA:0,(anonymous_9)
FNDA:0,(anonymous_10)
FNDA:0,(anonymous_11)
FNDA:0,(anonymous_12)
FNDA:0,(anonymous_13)
FNDA:0,(anonymous_14)
FNDA:0,(anonymous_15)
DA:1,2
DA:2,2
DA:4,2
DA:5,0
DA:6,0
DA:7,0
DA:8,0
DA:14,2
DA:15,0
DA:16,0
DA:17,0
DA:18,0
DA:19,0
DA:20,0
DA:21,0
DA:23,0
DA:24,0
DA:25,0
DA:26,0
DA:27,0
DA:28,0
DA:29,0
DA:30,0
DA:33,0
DA:34,0
DA:35,0
DA:39,0
DA:40,0
DA:41,0
DA:42,0
DA:43,0
DA:44,0
DA:46,0
DA:49,0
DA:52,0
DA:55,0
DA:56,0
DA:57,0
DA:59,0
DA:60,0
DA:61,0
DA:62,0
DA:63,0
DA:64,0
DA:67,0
DA:68,0
DA:69,0
DA:70,0
DA:73,0
DA:74,0
DA:75,0
DA:76,0
DA:77,0
DA:79,0
DA:80,0
DA:81,0
DA:82,0
DA:85,0
DA:86,0
DA:88,0
DA:91,0
DA:94,0
DA:95,0
DA:99,0
DA:100,0
DA:103,0
DA:104,0
DA:105,0
DA:107,0
DA:108,0
DA:109,0
DA:110,0
DA:111,0
DA:114,0
DA:115,0
DA:116,0
DA:117,0
DA:118,0
DA:122,0
DA:123,0
DA:124,0
DA:125,0
DA:126,0
DA:127,0
DA:130,0
DA:131,0
DA:132,0
DA:133,0
DA:134,0
DA:135,0
DA:136,0
DA:138,0
DA:141,0
DA:142,0
DA:143,0
DA:144,0
DA:145,0
DA:146,0
DA:147,0
DA:149,0
DA:153,0
DA:156,0
DA:157,0
DA:158,0
DA:161,0
DA:162,0
DA:163,0
DA:164,0
DA:167,0
DA:168,0
DA:169,0
DA:170,0
DA:171,0
DA:172,0
DA:175,0
DA:176,0
DA:177,0
DA:178,0
DA:179,0
DA:180,0
DA:181,0
DA:185,0
DA:186,0
DA:187,0
DA:188,0
DA:189,0
DA:190,0
DA:191,0
DA:192,0
DA:193,0
DA:194,0
DA:195,0
DA:196,0
DA:197,0
DA:199,0
DA:201,0
DA:205,0
DA:206,0
DA:207,0
DA:208,0
DA:209,0
DA:210,0
DA:211,0
DA:212,0
DA:213,0
DA:215,0
DA:219,0
DA:220,0
DA:221,0
DA:222,0
DA:223,0
DA:224,0
DA:225,0
DA:226,0
DA:227,0
DA:229,0
DA:230,0
DA:231,0
DA:232,0
DA:234,0
DA:239,0
DA:240,0
DA:242,0
DA:244,0
LF:164
LH:4
BRDA:39,0,0,0
BRDA:40,1,0,0
BRDA:40,1,1,0
BRDA:59,2,0,0
BRDA:59,2,1,0
BRDA:61,3,0,0
BRDA:61,3,1,0
BRDA:73,4,0,0
BRDA:73,4,1,0
BRDA:95,5,0,0
BRDA:95,5,1,0
BRDA:104,6,0,0
BRDA:104,6,1,0
BRDA:115,7,0,0
BRDA:115,7,1,0
BRDA:125,8,0,0
BRDA:125,8,1,0
BRDA:126,9,0,0
BRDA:126,9,1,0
BRDA:130,10,0,0
BRDA:130,10,1,0
BRDA:133,11,0,0
BRDA:133,11,1,0
BRDA:141,12,0,0
BRDA:141,12,1,0
BRDA:144,13,0,0
BRDA:144,13,1,0
BRDA:156,14,0,0
BRDA:156,14,1,0
BRDA:161,15,0,0
BRDA:161,15,1,0
BRDA:176,16,0,0
BRDA:176,16,1,0
BRDA:185,17,0,0
BRDA:185,17,1,0
BRDA:189,18,0,0
BRDA:189,18,1,0
BRDA:190,19,0,0
BRDA:190,19,1,0
BRDA:190,20,0,0
BRDA:190,20,1,0
BRDA:190,21,0,0
BRDA:190,21,1,0
BRDA:192,22,0,0
BRDA:192,22,1,0
BRDA:194,23,0,0
BRDA:194,23,1,0
BRDA:205,24,0,0
BRDA:205,24,1,0
BRDA:209,25,0,0
BRDA:209,25,1,0
BRDA:210,26,0,0
BRDA:210,26,1,0
BRDA:212,27,0,0
BRDA:212,27,1,0
BRDA:212,27,2,0
BRDA:212,28,0,0
BRDA:212,28,1,0
BRDA:219,29,0,0
BRDA:219,29,1,0
BRDA:223,30,0,0
BRDA:223,30,1,0
BRDA:225,31,0,0
BRDA:225,31,1,0
BRDA:226,32,0,0
BRDA:226,32,1,0
BRDA:229,33,0,0
BRDA:229,33,1,0
BRF:68
BRH:0
end_of_record
TN:
SF:src\utils\pdf\templateStudentVibrant.js
FN:4,(anonymous_0)
FN:12,(anonymous_1)
FN:13,(anonymous_2)
FN:17,(anonymous_3)
FN:18,(anonymous_4)
FN:72,(anonymous_5)
FN:81,(anonymous_6)
FN:90,(anonymous_7)
FN:98,(anonymous_8)
FN:115,(anonymous_9)
FN:115,(anonymous_10)
FN:134,(anonymous_11)
FN:144,(anonymous_12)
FNF:13
FNH:0
FNDA:0,(anonymous_0)
FNDA:0,(anonymous_1)
FNDA:0,(anonymous_2)
FNDA:0,(anonymous_3)
FNDA:0,(anonymous_4)
FNDA:0,(anonymous_5)
FNDA:0,(anonymous_6)
FNDA:0,(anonymous_7)
FNDA:0,(anonymous_8)
FNDA:0,(anonymous_9)
FNDA:0,(anonymous_10)
FNDA:0,(anonymous_11)
FNDA:0,(anonymous_12)
DA:1,2
DA:2,2
DA:4,2
DA:5,0
DA:6,0
DA:7,0
DA:8,0
DA:12,2
DA:13,0
DA:14,0
DA:15,0
DA:16,0
DA:17,0
DA:18,0
DA:19,0
DA:21,0
DA:22,0
DA:23,0
DA:24,0
DA:25,0
DA:28,0
DA:31,0
DA:32,0
DA:34,0
DA:37,0
DA:38,0
DA:39,0
DA:40,0
DA:41,0
DA:42,0
DA:43,0
DA:44,0
DA:46,0
DA:47,0
DA:48,0
DA:49,0
DA:52,0
DA:54,0
DA:57,0
DA:58,0
DA:61,0
DA:62,0
DA:65,0
DA:66,0
DA:69,0
DA:71,0
DA:72,0
DA:73,0
DA:74,0
DA:75,0
DA:76,0
DA:79,0
DA:80,0
DA:81,0
DA:82,0
DA:83,0
DA:85,0
DA:88,0
DA:89,0
DA:90,0
DA:91,0
DA:92,0
DA:97,0
DA:98,0
DA:99,0
DA:100,0
DA:101,0
DA:102,0
DA:106,0
DA:107,0
DA:108,0
DA:109,0
DA:113,0
DA:114,0
DA:115,0
DA:117,0
DA:118,0
DA:119,0
DA:122,0
DA:123,0
DA:124,0
DA:125,0
DA:126,0
DA:127,0
DA:132,0
DA:133,0
DA:134,0
DA:135,0
DA:136,0
DA:137,0
DA:138,0
DA:142,0
DA:143,0
DA:144,0
DA:145,0
DA:146,0
DA:150,0
DA:151,0
LF:98
LH:4
BRDA:38,0,0,0
BRDA:38,0,1,0
BRDA:40,1,0,0
BRDA:40,1,1,0
BRDA:46,2,0,0
BRDA:46,2,1,0
BRDA:57,3,0,0
BRDA:57,3,1,0
BRDA:62,4,0,0
BRDA:62,4,1,0
BRDA:62,5,0,0
BRDA:62,5,1,0
BRDA:62,6,0,0
BRDA:62,6,1,0
BRDA:79,7,0,0
BRDA:79,7,1,0
BRDA:88,8,0,0
BRDA:88,8,1,0
BRDA:91,9,0,0
BRDA:91,9,1,0
BRDA:106,10,0,0
BRDA:106,10,1,0
BRDA:113,11,0,0
BRDA:113,11,1,0
BRDA:118,12,0,0
BRDA:118,12,1,0
BRDA:122,13,0,0
BRDA:122,13,1,0
BRDA:126,14,0,0
BRDA:126,14,1,0
BRDA:132,15,0,0
BRDA:132,15,1,0
BRDA:142,16,0,0
BRDA:142,16,1,0
BRDA:145,17,0,0
BRDA:145,17,1,0
BRF:36
BRH:0
end_of_record
TN:
SF:src\utils\pdf\templateTech.js
FN:4,(anonymous_0)
FN:10,(anonymous_1)
FN:10,(anonymous_2)
FN:13,(anonymous_3)
FN:13,(anonymous_4)
FN:17,(anonymous_5)
FN:55,(anonymous_6)
FN:63,(anonymous_7)
FN:70,(anonymous_8)
FN:77,(anonymous_9)
FN:92,(anonymous_10)
FN:112,(anonymous_11)
FN:122,(anonymous_12)
FN:137,(anonymous_13)
FN:147,(anonymous_14)
FNF:15
FNH:0
FNDA:0,(anonymous_0)
FNDA:0,(anonymous_1)
FNDA:0,(anonymous_2)
FNDA:0,(anonymous_3)
FNDA:0,(anonymous_4)
FNDA:0,(anonymous_5)
FNDA:0,(anonymous_6)
FNDA:0,(anonymous_7)
FNDA:0,(anonymous_8)
FNDA:0,(anonymous_9)
FNDA:0,(anonymous_10)
FNDA:0,(anonymous_11)
FNDA:0,(anonymous_12)
FNDA:0,(anonymous_13)
FNDA:0,(anonymous_14)
DA:1,2
DA:2,2
DA:4,2
DA:5,0
DA:6,0
DA:10,2
DA:11,0
DA:12,0
DA:13,0
DA:14,0
DA:15,0
DA:17,0
DA:18,0
DA:19,0
DA:23,0
DA:24,0
DA:26,0
DA:27,0
DA:28,0
DA:30,0
DA:31,0
DA:32,0
DA:33,0
DA:34,0
DA:35,0
DA:36,0
DA:37,0
DA:40,0
DA:41,0
DA:43,0
DA:46,0
DA:48,0
DA:49,0
DA:50,0
DA:51,0
DA:53,0
DA:55,0
DA:56,0
DA:57,0
DA:58,0
DA:59,0
DA:60,0
DA:63,0
DA:64,0
DA:65,0
DA:66,0
DA:67,0
DA:70,0
DA:71,0
DA:72,0
DA:73,0
DA:74,0
DA:77,0
DA:78,0
DA:79,0
DA:80,0
DA:81,0
DA:82,0
DA:86,0
DA:88,0
DA:89,0
DA:90,0
DA:91,0
DA:92,0
DA:93,0
DA:94,0
DA:95,0
DA:96,0
DA:97,0
DA:99,0
DA:101,0
DA:102,0
DA:103,0
DA:104,0
DA:105,0
DA:107,0
DA:110,0
DA:111,0
DA:112,0
DA:113,0
DA:114,0
DA:115,0
DA:116,0
DA:120,0
DA:121,0
DA:122,0
DA:123,0
DA:124,0
DA:125,0
DA:126,0
DA:127,0
DA:129,0
DA:130,0
DA:131,0
DA:135,0
DA:136,0
DA:137,0
DA:138,0
DA:139,0
DA:140,0
DA:141,0
DA:146,0
DA:147,0
DA:150,0
DA:151,0
DA:152,0
DA:153,0
LF:107
LH:4
BRDA:17,0,0,0
BRDA:18,1,0,0
BRDA:18,1,1,0
BRDA:30,2,0,0
BRDA:30,2,1,0
BRDA:32,3,0,0
BRDA:32,3,1,0
BRDA:42,4,0,0
BRDA:42,4,1,0
BRDA:48,5,0,0
BRDA:48,5,1,0
BRDA:50,6,0,0
BRDA:50,6,1,0
BRDA:50,7,0,0
BRDA:50,7,1,0
BRDA:50,8,0,0
BRDA:50,8,1,0
BRDA:55,9,0,0
BRDA:63,10,0,0
BRDA:66,11,0,0
BRDA:66,11,1,0
BRDA:71,12,0,0
BRDA:71,12,1,0
BRDA:78,13,0,0
BRDA:78,13,1,0
BRDA:86,14,0,0
BRDA:86,14,1,0
BRDA:88,15,0,0
BRDA:88,15,1,0
BRDA:90,16,0,0
BRDA:90,16,1,0
BRDA:94,17,0,0
BRDA:94,17,1,0
BRDA:94,18,0,0
BRDA:94,18,1,0
BRDA:101,19,0,0
BRDA:101,19,1,0
BRDA:110,20,0,0
BRDA:110,20,1,0
BRDA:114,21,0,0
BRDA:114,21,1,0
BRDA:114,22,0,0
BRDA:114,22,1,0
BRDA:114,23,0,0
BRDA:114,23,1,0
BRDA:120,24,0,0
BRDA:120,24,1,0
BRDA:125,25,0,0
BRDA:125,25,1,0
BRDA:126,26,0,0
BRDA:126,26,1,0
BRDA:130,27,0,0
BRDA:130,27,1,0
BRDA:135,28,0,0
BRDA:135,28,1,0
BRDA:139,29,0,0
BRDA:139,29,1,0
BRDA:139,30,0,0
BRDA:139,30,1,0
BRDA:140,31,0,0
BRDA:140,31,1,0
BRDA:141,32,0,0
BRDA:141,32,1,0
BRDA:147,33,0,0
BRDA:147,33,1,0
BRDA:147,34,0,0
BRDA:147,34,1,0
BRF:67
BRH:0
end_of_record
